<?xml version="1.0" encoding="UTF-8"?>
<!-- Generated by org.testng.reporters.JUnitReportReporter -->
<testsuite hostname="Sabita" failures="0" tests="1" name="priyasacademy.AppiumBasics" time="7.880" errors="0" timestamp="2023-08-23T20:58:35 CDT" skipped="0">
  <testcase classname="priyasacademy.AppiumBasics" name="AppiumTest" time="7.880"/>
</testsuite> <!-- priyasacademy.AppiumBasics -->
