<?xml version="1.0" encoding="UTF-8"?>
<!-- Generated by org.testng.reporters.JUnitReportReporter -->
<testsuite hostname="Sabita" failures="0" tests="1" name="priyasacademy.DragAndDrop" time="11.457" errors="0" timestamp="2023-08-22T21:40:48 CDT" skipped="0">
  <testcase classname="priyasacademy.DragAndDrop" name="AppiumTest" time="11.457"/>
</testsuite> <!-- priyasacademy.DragAndDrop -->
