<?xml version="1.0" encoding="UTF-8"?>
<!-- Generated by org.testng.reporters.JUnitReportReporter -->
<testsuite hostname="Sabita" failures="0" tests="1" name="priyasacademy.LongpressGesture" time="14.537" errors="0" timestamp="2023-08-22T20:32:53 CDT" skipped="0">
  <testcase classname="priyasacademy.LongpressGesture" name="AppiumTest" time="14.537"/>
</testsuite> <!-- priyasacademy.LongpressGesture -->
