<?xml version="1.0" encoding="UTF-8"?>
<!-- Generated by org.testng.reporters.JUnitReportReporter -->
<testsuite hostname="Sabita" failures="0" tests="1" name="utility.NewTest" time="9.564" errors="0" timestamp="2023-08-22T15:31:42 CDT" skipped="0">
  <testcase classname="utility.NewTest" name="test" time="9.564"/>
</testsuite> <!-- utility.NewTest -->
