<?xml version="1.0" encoding="UTF-8"?>
<!-- Generated by org.testng.reporters.JUnitReportReporter -->
<testsuite hostname="Sabita" failures="0" tests="2" name="com.online.shopping.DataProviderExample" time="0.008" errors="0" timestamp="2023-08-10T13:56:37 CDT" skipped="0">
  <testcase classname="com.online.shopping.DataProviderExample" name="testData" time="0.007"/>
  <testcase classname="com.online.shopping.DataProviderExample" name="testData" time="0.001"/>
</testsuite> <!-- com.online.shopping.DataProviderExample -->
